<?xml version="1.0" encoding="UTF-8"?>
<!-- Generated by org.testng.reporters.JUnitReportReporter -->
<testsuite hostname="L7101107775" failures="0" tests="4" name="api.tests.UserTests" time="6.684" errors="0" timestamp="2024-05-05T07:51:52 IST" skipped="0">
  <testcase classname="api.tests.UserTests" name="testPostRequest" time="2.851"/>
  <system-out/>
  <testcase classname="api.tests.UserTests" name="testGetRequest" time="1.309"/>
  <system-out/>
  <testcase classname="api.tests.UserTests" name="testUpdateRequest" time="1.295"/>
  <system-out/>
  <testcase classname="api.tests.UserTests" name="deleteRequest" time="1.229"/>
  <system-out/>
</testsuite> <!-- api.tests.UserTests -->
