<?xml version="1.0" encoding="UTF-8"?>
<!-- Generated by org.testng.reporters.JUnitReportReporter -->
<testsuite hostname="L7101107775" failures="0" tests="4" name="api.tests.UserTests2" time="7.080" errors="0" timestamp="2024-05-05T08:28:51 IST" skipped="0">
  <testcase classname="api.tests.UserTests2" name="testPostRequest" time="3.248"/>
  <system-out/>
  <testcase classname="api.tests.UserTests2" name="testGetRequest" time="1.298"/>
  <system-out/>
  <testcase classname="api.tests.UserTests2" name="testUpdateRequest" time="1.269"/>
  <system-out/>
  <testcase classname="api.tests.UserTests2" name="deleteRequest" time="1.265"/>
  <system-out/>
</testsuite> <!-- api.tests.UserTests2 -->
