<?xml version="1.0" encoding="UTF-8"?>
<!-- Generated by org.testng.reporters.JUnitReportReporter -->
<testsuite hostname="L7101107775" failures="0" tests="6" name="api.tests.DDtests" time="9.924" errors="0" timestamp="2024-05-04T17:44:17 IST" skipped="0">
  <testcase classname="api.tests.DDtests" name="testPost" time="1.293"/>
  <system-out/>
  <testcase classname="api.tests.DDtests" name="testPost" time="3.546"/>
  <system-out/>
  <testcase classname="api.tests.DDtests" name="testPost" time="1.316"/>
  <system-out/>
  <testcase classname="api.tests.DDtests" name="testdeleteByUsername" time="1.304"/>
  <system-out/>
  <testcase classname="api.tests.DDtests" name="testdeleteByUsername" time="1.217"/>
  <system-out/>
  <testcase classname="api.tests.DDtests" name="testdeleteByUsername" time="1.248"/>
  <system-out/>
</testsuite> <!-- api.tests.DDtests -->
