<?xml version="1.0" encoding="UTF-8"?>
<!-- Generated by org.testng.reporters.JUnitReportReporter -->
<testsuite hostname="L7101107775" failures="0" tests="4" name="api.tests.UserTests2" time="7.704" errors="0" timestamp="2024-05-05T09:13:30 IST" skipped="0">
  <testcase classname="api.tests.UserTests2" name="testPostRequest" time="3.711"/>
  <system-out/>
  <testcase classname="api.tests.UserTests2" name="testGetRequest" time="1.132"/>
  <system-out/>
  <testcase classname="api.tests.UserTests2" name="testUpdateRequest" time="1.623"/>
  <system-out/>
  <testcase classname="api.tests.UserTests2" name="deleteRequest" time="1.238"/>
  <system-out/>
</testsuite> <!-- api.tests.UserTests2 -->
